[    0.000000] Linux version 4.15.0-202-generic (buildd@lcy02-amd64-115) (gcc version 7.5.0 (Ubuntu 7.5.0-3ubuntu1~18.04)) #213-Ubuntu SMP Thu Jan 5 19:19:12 UTC 2023 (Ubuntu 4.15.0-202.213-generic 4.15.18)
[    0.000000] Command line: BOOT_IMAGE=/boot/vmlinuz-4.15.0-202-generic root=LABEL=cloudimg-rootfs ro console=tty1 console=ttyS0
[    0.000000] KERNEL supported cpus:
[    0.000000]   Intel GenuineIntel
[    0.000000]   AMD AuthenticAMD
[    0.000000]   Centaur CentaurHauls
[    0.000000] [Firmware Bug]: TSC doesn't count with P0 frequency!
[    0.000000] x86/fpu: x87 FPU will use FXSAVE
[    0.000000] e820: BIOS-provided physical RAM map:
[    0.000000] BIOS-e820: [mem 0x0000000000000000-0x000000000009fbff] usable
[    0.000000] BIOS-e820: [mem 0x000000000009fc00-0x000000000009ffff] reserved
[    0.000000] BIOS-e820: [mem 0x00000000000f0000-0x00000000000fffff] reserved
[    0.000000] BIOS-e820: [mem 0x0000000000100000-0x000000003ffeffff] usable
[    0.000000] BIOS-e820: [mem 0x000000003fff0000-0x000000003fffffff] ACPI data
[    0.000000] BIOS-e820: [mem 0x00000000fec00000-0x00000000fec00fff] reserved
[    0.000000] BIOS-e820: [mem 0x00000000fee00000-0x00000000fee00fff] reserved
[    0.000000] BIOS-e820: [mem 0x00000000fffc0000-0x00000000ffffffff] reserved
[    0.000000] NX (Execute Disable) protection: active
[    0.000000] SMBIOS 2.5 present.
[    0.000000] DMI: innotek GmbH VirtualBox/VirtualBox, BIOS VirtualBox 12/01/2006
[    0.000000] Hypervisor detected: KVM
[    0.000000] AGP: No AGP bridge found
[    0.000000] e820: last_pfn = 0x3fff0 max_arch_pfn = 0x400000000
[    0.000000] MTRR: Disabled
[    0.000000] x86/PAT: MTRRs disabled, skipping PAT initialization too.
[    0.000000] CPU MTRRs all blank - virtualized system.
[    0.000000] x86/PAT: Configuration [0-7]: WB  WT  UC- UC  WB  WT  UC- UC  
[    0.000000] found SMP MP-table at [mem 0x0009fff0-0x0009ffff]
[    0.000000] Scanning 1 areas for low memory corruption
[    0.000000] RAMDISK: [mem 0x359c9000-0x36cdbfff]
[    0.000000] ACPI: Early table checksum verification disabled
[    0.000000] ACPI: RSDP 0x00000000000E0000 000024 (v02 VBOX  )
[    0.000000] ACPI: XSDT 0x000000003FFF0030 00003C (v01 VBOX   VBOXXSDT 00000001 ASL  00000061)
[    0.000000] ACPI: FACP 0x000000003FFF00F0 0000F4 (v04 VBOX   VBOXFACP 00000001 ASL  00000061)
[    0.000000] ACPI: DSDT 0x000000003FFF0470 002325 (v02 VBOX   VBOXBIOS 00000002 INTL 20100528)
[    0.000000] ACPI: FACS 0x000000003FFF0200 000040
[    0.000000] ACPI: FACS 0x000000003FFF0200 000040
[    0.000000] ACPI: APIC 0x000000003FFF0240 00005C (v02 VBOX   VBOXAPIC 00000001 ASL  00000061)
[    0.000000] ACPI: SSDT 0x000000003FFF02A0 0001CC (v01 VBOX   VBOXCPUT 00000002 INTL 20100528)
[    0.000000] ACPI: Reserving FACP table memory at [mem 0x3fff00f0-0x3fff01e3]
[    0.000000] ACPI: Reserving DSDT table memory at [mem 0x3fff0470-0x3fff2794]
[    0.000000] ACPI: Reserving FACS table memory at [mem 0x3fff0200-0x3fff023f]
[    0.000000] ACPI: Reserving FACS table memory at [mem 0x3fff0200-0x3fff023f]
[    0.000000] ACPI: Reserving APIC table memory at [mem 0x3fff0240-0x3fff029b]
[    0.000000] ACPI: Reserving SSDT table memory at [mem 0x3fff02a0-0x3fff046b]
[    0.000000] No NUMA configuration found
[    0.000000] Faking a node at [mem 0x0000000000000000-0x000000003ffeffff]
[    0.000000] NODE_DATA(0) allocated [mem 0x3ffc5000-0x3ffeffff]
[    0.000000] kvm-clock: cpu 0, msr 0:3ff44001, primary cpu clock
[    0.000000] kvm-clock: Using msrs 4b564d01 and 4b564d00
[    0.000000] kvm-clock: using sched offset of 6916587311 cycles
[    0.000000] clocksource: kvm-clock: mask: 0xffffffffffffffff max_cycles: 0x1cd42e4dffb, max_idle_ns: 881590591483 ns
[    0.000000] Zone ranges:
[    0.000000]   DMA      [mem 0x0000000000001000-0x0000000000ffffff]
[    0.000000]   DMA32    [mem 0x0000000001000000-0x000000003ffeffff]
[    0.000000]   Normal   empty
[    0.000000]   Device   empty
[    0.000000] Movable zone start for each node
[    0.000000] Early memory node ranges
[    0.000000]   node   0: [mem 0x0000000000001000-0x000000000009efff]
[    0.000000]   node   0: [mem 0x0000000000100000-0x000000003ffeffff]
[    0.000000] Reserved but unavailable: 104 pages
[    0.000000] Initmem setup node 0 [mem 0x0000000000001000-0x000000003ffeffff]
[    0.000000] ACPI: PM-Timer IO Port: 0x4008
[    0.000000] IOAPIC[0]: apic_id 2, version 32, address 0xfec00000, GSI 0-23
[    0.000000] ACPI: INT_SRC_OVR (bus 0 bus_irq 0 global_irq 2 dfl dfl)
[    0.000000] ACPI: INT_SRC_OVR (bus 0 bus_irq 9 global_irq 9 low level)
[    0.000000] Using ACPI (MADT) for SMP configuration information
[    0.000000] smpboot: Allowing 2 CPUs, 0 hotplug CPUs
[    0.000000] PM: Registered nosave memory: [mem 0x00000000-0x00000fff]
[    0.000000] PM: Registered nosave memory: [mem 0x0009f000-0x0009ffff]
[    0.000000] PM: Registered nosave memory: [mem 0x000a0000-0x000effff]
[    0.000000] PM: Registered nosave memory: [mem 0x000f0000-0x000fffff]
[    0.000000] e820: [mem 0x40000000-0xfebfffff] available for PCI devices
[    0.000000] Booting paravirtualized kernel on KVM
[    0.000000] clocksource: refined-jiffies: mask: 0xffffffff max_cycles: 0xffffffff, max_idle_ns: 7645519600211568 ns
[    0.000000] setup_percpu: NR_CPUS:8192 nr_cpumask_bits:2 nr_cpu_ids:2 nr_node_ids:1
[    0.000000] percpu: Embedded 50 pages/cpu s167936 r8192 d28672 u1048576
[    0.000000] PV qspinlock hash table entries: 256 (order: 0, 4096 bytes)
[    0.000000] Built 1 zonelists, mobility grouping on.  Total pages: 257913
[    0.000000] Policy zone: DMA32
[    0.000000] Kernel command line: BOOT_IMAGE=/boot/vmlinuz-4.15.0-202-generic root=LABEL=cloudimg-rootfs ro console=tty1 console=ttyS0
[    0.000000] AGP: Checking aperture...
[    0.000000] AGP: No AGP bridge found
[    0.000000] Memory: 982648K/1048120K available (12300K kernel code, 2477K rwdata, 4320K rodata, 2472K init, 2720K bss, 65472K reserved, 0K cma-reserved)
[    0.000000] SLUB: HWalign=64, Order=0-3, MinObjects=0, CPUs=2, Nodes=1
[    0.000000] ftrace: allocating 39478 entries in 155 pages
[    0.004000] Hierarchical RCU implementation.
[    0.004000] 	RCU restricting CPUs from NR_CPUS=8192 to nr_cpu_ids=2.
[    0.004000] 	Tasks RCU enabled.
[    0.004000] RCU: Adjusting geometry for rcu_fanout_leaf=16, nr_cpu_ids=2
[    0.004000] NR_IRQS: 524544, nr_irqs: 440, preallocated irqs: 16
[    0.004000] Console: colour VGA+ 80x25
[    0.004000] console [tty1] enabled
[    0.004000] console [ttyS0] enabled
[    0.004000] ACPI: Core revision 20170831
[    0.004000] ACPI: 2 ACPI AML tables successfully acquired and loaded
[    0.004000] APIC: Switch to symmetric I/O mode setup
[    0.004000] ..TIMER: vector=0x30 apic1=0 pin1=2 apic2=-1 pin2=-1
[    0.004009] tsc: Detected 3214.424 MHz processor
[    0.008021] Calibrating delay loop (skipped) preset value.. 6428.84 BogoMIPS (lpj=12857696)
[    0.012009] pid_max: default: 32768 minimum: 301
[    0.020219] Security Framework initialized
[    0.024010] Yama: becoming mindful.
[    0.028308] AppArmor: AppArmor initialized
[    0.046595] Dentry cache hash table entries: 131072 (order: 8, 1048576 bytes)
[    0.054362] Inode-cache hash table entries: 65536 (order: 7, 524288 bytes)
[    0.056256] Mount-cache hash table entries: 2048 (order: 2, 16384 bytes)
[    0.060206] Mountpoint-cache hash table entries: 2048 (order: 2, 16384 bytes)
[    0.070923] Last level iTLB entries: 4KB 512, 2MB 1024, 4MB 512
[    0.072012] Last level dTLB entries: 4KB 1024, 2MB 1024, 4MB 512, 1GB 0
[    0.076013] Spectre V1 : Mitigation: usercopy/swapgs barriers and __user pointer sanitization
[    0.080010] Spectre V2 : Mitigation: Retpolines
[    0.084006] Spectre V2 : Spectre v2 / SpectreRSB mitigation: Filling RSB on context switch
[    0.088285] Freeing SMP alternatives memory: 36K
[    0.213981] smpboot: CPU0: AMD FX-8320E Eight-Core Processor (family: 0x15, model: 0x2, stepping: 0x0)
[    0.217580] Performance Events: PMU not available due to virtualization, using software events only.
[    0.224346] Hierarchical SRCU implementation.
[    0.230163] NMI watchdog: Perf event create on CPU 0 failed with -2
[    0.232009] NMI watchdog: Perf NMI watchdog permanently disabled
[    0.236784] smp: Bringing up secondary CPUs ...
[    0.245024] x86: Booting SMP configuration:
[    0.248010] .... node  #0, CPUs:      #1
[    0.004000] kvm-clock: cpu 1, msr 0:3ff44041, secondary cpu clock
[    0.271841] TSC synchronization [CPU#0 -> CPU#1]:
[    0.272000] Measured 86301 cycles TSC warp between CPUs, turning off TSC clock.
[    0.272000] tsc: Marking TSC unstable due to check_tsc_sync_source failed
[    0.280696] smp: Brought up 1 node, 2 CPUs
[    0.284012] smpboot: Max logical packages: 1
[    0.288011] smpboot: Total of 2 processors activated (12857.69 BogoMIPS)
[    0.297507] devtmpfs: initialized
[    0.313285] x86/mm: Memory block size: 128MB
[    0.333109] evm: security.selinux
[    0.348006] evm: security.SMACK64
[    0.360011] evm: security.SMACK64EXEC
[    0.376008] evm: security.SMACK64TRANSMUTE
[    0.392004] evm: security.SMACK64MMAP
[    0.408007] evm: security.apparmor
[    0.420003] evm: security.ima
[    0.428009] evm: security.capability
[    0.444233] clocksource: jiffies: mask: 0xffffffff max_cycles: 0xffffffff, max_idle_ns: 7645041785100000 ns
[    0.468026] futex hash table entries: 512 (order: 3, 32768 bytes)
[    0.485096] pinctrl core: initialized pinctrl subsystem
[    0.497051] RTC time: 16:07:39, date: 02/14/23
[    0.510744] NET: Registered protocol family 16
[    0.524329] audit: initializing netlink subsys (disabled)
[    0.540459] audit: type=2000 audit(1676390865.793:1): state=initialized audit_enabled=0 res=1
[    0.548168] cpuidle: using governor ladder
[    0.556017] cpuidle: using governor menu
[    0.576502] ACPI: bus type PCI registered
[    0.588005] acpiphp: ACPI Hot Plug PCI Controller Driver version: 0.5
[    0.606759] PCI: Using configuration type 1 for base access
[    0.620009] PCI: Using configuration type 1 for extended access
[    0.648797] HugeTLB registered 2.00 MiB page size, pre-allocated 0 pages
[    0.677226] ACPI: Added _OSI(Module Device)
[    0.688009] ACPI: Added _OSI(Processor Device)
[    0.700004] ACPI: Added _OSI(3.0 _SCP Extensions)
[    0.712005] ACPI: Added _OSI(Processor Aggregator Device)
[    0.728073] ACPI: Added _OSI(Linux-Dell-Video)
[    0.740006] ACPI: Added _OSI(Linux-Lenovo-NV-HDMI-Audio)
[    0.752010] ACPI: Added _OSI(Linux-HPI-Hybrid-Graphics)
[    0.770176] ACPI: Executed 1 blocks of module-level executable AML code
[    0.798085] ACPI: Interpreter enabled
[    0.808031] ACPI: (supports S0 S5)
[    0.820008] ACPI: Using IOAPIC for interrupt routing
[    0.837252] PCI: Using host bridge windows from ACPI; if necessary, use "pci=nocrs" and report a bug
[    0.860842] ACPI: Enabled 2 GPEs in block 00 to 07
[    0.900802] ACPI: PCI Root Bridge [PCI0] (domain 0000 [bus 00-ff])
[    0.916026] acpi PNP0A03:00: _OSC: OS supports [ExtendedConfig ASPM ClockPM Segments MSI]
[    0.941449] acpi PNP0A03:00: _OSC: platform does not support [PCIeCapability]
[    0.961408] acpi PNP0A03:00: _OSC: not requesting control; platform does not support [PCIeCapability]
[    0.984012] acpi PNP0A03:00: _OSC: OS requested [PCIeHotplug PME AER PCIeCapability]
[    1.000012] acpi PNP0A03:00: _OSC: platform willing to grant [PCIeHotplug PME AER]
[    1.020012] acpi PNP0A03:00: _OSC failed (AE_SUPPORT); disabling ASPM
[    1.040785] PCI host bridge to bus 0000:00
[    1.052035] pci_bus 0000:00: root bus resource [io  0x0000-0x0cf7 window]
[    1.068016] pci_bus 0000:00: root bus resource [io  0x0d00-0xffff window]
[    1.084013] pci_bus 0000:00: root bus resource [mem 0x000a0000-0x000bffff window]
[    1.104014] pci_bus 0000:00: root bus resource [mem 0x40000000-0xfdffffff window]
[    1.124014] pci_bus 0000:00: root bus resource [bus 00-ff]
[    1.164189] pci 0000:00:01.1: legacy IDE quirk: reg 0x10: [io  0x01f0-0x01f7]
[    1.180014] pci 0000:00:01.1: legacy IDE quirk: reg 0x14: [io  0x03f6]
[    1.200018] pci 0000:00:01.1: legacy IDE quirk: reg 0x18: [io  0x0170-0x0177]
[    1.220011] pci 0000:00:01.1: legacy IDE quirk: reg 0x1c: [io  0x0376]
[    1.289419] pci 0000:00:07.0: quirk: [io  0x4000-0x403f] claimed by PIIX4 ACPI
[    1.308122] pci 0000:00:07.0: quirk: [io  0x4100-0x410f] claimed by PIIX4 SMB
[    1.360034] ACPI: PCI Interrupt Link [LNKA] (IRQs 5 9 10 *11)
[    1.376173] ACPI: PCI Interrupt Link [LNKB] (IRQs 5 9 *10 11)
[    1.388725] ACPI: PCI Interrupt Link [LNKC] (IRQs 5 *9 10 11)
[    1.408475] ACPI: PCI Interrupt Link [LNKD] (IRQs 5 9 10 *11)
[    1.421845] SCSI subsystem initialized
[    1.436406] pci 0000:00:02.0: vgaarb: setting as boot VGA device
[    1.440000] pci 0000:00:02.0: vgaarb: VGA device added: decodes=io+mem,owns=io+mem,locks=none
[    1.472015] pci 0000:00:02.0: vgaarb: bridge control possible
[    1.484008] vgaarb: loaded
[    1.492249] ACPI: bus type USB registered
[    1.504028] usbcore: registered new interface driver usbfs
[    1.516100] usbcore: registered new interface driver hub
[    1.532037] usbcore: registered new device driver usb
[    1.548471] EDAC MC: Ver: 3.0.0
[    1.556695] PCI: Using ACPI for IRQ routing
[    1.566049] NetLabel: Initializing
[    1.568004] NetLabel:  domain hash size = 128
[    1.572006] NetLabel:  protocols = UNLABELED CIPSOv4 CALIPSO
[    1.576033] NetLabel:  unlabeled traffic allowed by default
[    1.584851] clocksource: Switched to clocksource kvm-clock
[    1.736136] VFS: Disk quotas dquot_6.6.0
[    1.752288] VFS: Dquot-cache hash table entries: 512 (order 0, 4096 bytes)
[    1.769787] AppArmor: AppArmor Filesystem Enabled
[    1.782788] pnp: PnP ACPI init
[    1.795843] pnp: PnP ACPI: found 3 devices
[    1.885371] clocksource: acpi_pm: mask: 0xffffff max_cycles: 0xffffff, max_idle_ns: 2085701024 ns
[    1.906109] NET: Registered protocol family 2
[    1.918298] IP idents hash table entries: 16384 (order: 5, 131072 bytes)
[    1.935349] TCP established hash table entries: 8192 (order: 4, 65536 bytes)
[    1.953080] TCP bind hash table entries: 8192 (order: 5, 131072 bytes)
[    1.970154] TCP: Hash tables configured (established 8192 bind 8192)
[    1.986814] UDP hash table entries: 512 (order: 2, 16384 bytes)
[    2.001433] UDP-Lite hash table entries: 512 (order: 2, 16384 bytes)
[    2.017351] NET: Registered protocol family 1
[    2.028420] pci 0000:00:00.0: Limiting direct PCI/PCI transfers
[    2.042984] pci 0000:00:01.0: Activating ISA DMA hang workarounds
[    2.059303] pci 0000:00:02.0: Video device with shadowed ROM at [mem 0x000c0000-0x000dffff]
[    2.082752] Unpacking initramfs...
[    3.076227] Freeing initrd memory: 19532K
[    3.145898] clocksource: tsc: mask: 0xffffffffffffffff max_cycles: 0x2e5583fa00b, max_idle_ns: 440795362844 ns
[    3.169371] platform rtc_cmos: registered platform RTC device (no PNP device found)
[    3.188861] Scanning for low memory corruption every 60 seconds
[    3.208817] Initialise system trusted keyrings
[    3.220597] Key type blacklist registered
[    3.233348] workingset: timestamp_bits=36 max_order=18 bucket_order=0
[    3.255345] zbud: loaded
[    3.268374] squashfs: version 4.0 (2009/01/31) Phillip Lougher
[    3.284585] fuse init (API version 7.26)
[    3.372809] Key type asymmetric registered
[    3.383947] Asymmetric key parser 'x509' registered
[    3.397015] Block layer SCSI generic (bsg) driver version 0.4 loaded (major 246)
[    3.417598] io scheduler noop registered
[    3.429933] io scheduler deadline registered
[    3.440349] io scheduler cfq registered (default)
[    3.454779] ACPI: AC Adapter [AC] (on-line)
[    3.464696] input: Power Button as /devices/LNXSYSTM:00/LNXPWRBN:00/input/input0
[    3.482151] ACPI: Power Button [PWRF]
[    3.491373] input: Sleep Button as /devices/LNXSYSTM:00/LNXSLPBN:00/input/input1
[    3.509386] ACPI: Sleep Button [SLPF]
[    3.521448] Serial: 8250/16550 driver, 32 ports, IRQ sharing enabled
[    3.592675] 00:02: ttyS0 at I/O 0x3f8 (irq = 4, base_baud = 115200) is a 16550A
[    3.653591] Linux agpgart interface v0.103
[    3.689656] loop: module loaded
[    3.706610] scsi host0: ata_piix
[    3.715601] scsi host1: ata_piix
[    3.722809] ata1: PATA max UDMA/33 cmd 0x1f0 ctl 0x3f6 bmdma 0xd000 irq 14
[    3.738751] ata2: PATA max UDMA/33 cmd 0x170 ctl 0x376 bmdma 0xd008 irq 15
[    3.754916] tun: Universal TUN/TAP device driver, 1.6
[    3.768258] PPP generic driver version 2.4.2
[    3.779093] ehci_hcd: USB 2.0 'Enhanced' Host Controller (EHCI) Driver
[    3.794870] ehci-pci: EHCI PCI platform driver
[    3.805933] ehci-platform: EHCI generic platform driver
[    3.818308] ohci_hcd: USB 1.1 'Open' Host Controller (OHCI) Driver
[    3.831517] ohci-pci: OHCI PCI platform driver
[    3.842493] ohci-platform: OHCI generic platform driver
[    3.858390] uhci_hcd: USB Universal Host Controller Interface driver
[    3.872631] i8042: PNP: PS/2 Controller [PNP0303:PS2K,PNP0f03:PS2M] at 0x60,0x64 irq 1,12
[    3.899685] serio: i8042 KBD port at 0x60,0x64 irq 1
[    3.911387] serio: i8042 AUX port at 0x60,0x64 irq 12
[    3.932320] mousedev: PS/2 mouse device common for all mice
[    3.949593] rtc_cmos rtc_cmos: rtc core: registered rtc_cmos as rtc0
[    3.969621] rtc_cmos rtc_cmos: alarms up to one day, 114 bytes nvram
[    3.985919] i2c /dev entries driver
[    3.995821] device-mapper: uevent: version 1.0.3
[    4.010230] device-mapper: ioctl: 4.37.0-ioctl (2017-09-20) initialised: dm-devel@redhat.com
[    4.069983] ledtrig-cpu: registered to indicate activity on CPUs
[    4.089392] x86/pm: family 0x15 cpu detected, MSR saving is needed during suspending.
[    4.109792] input: AT Translated Set 2 keyboard as /devices/platform/i8042/serio0/input/input2
[    4.117511] NET: Registered protocol family 10
[    4.172498] Segment Routing with IPv6
[    4.181409] NET: Registered protocol family 17
[    4.192987] Key type dns_resolver registered
[    4.205799] mce: Using 0 MCE banks
[    4.214820] RAS: Correctable Errors collector initialized.
[    4.227071] sched_clock: Marking stable (4226976284, 0)->(6281043828, -2054067544)
[    4.251499] registered taskstats version 1
[    4.261395] Loading compiled-in X.509 certificates
[    4.281413] Loaded X.509 cert 'Build time autogenerated kernel key: f114f3958ed3c37ba1924ca66ae8368f3c35b0e4'
[    4.303586] Loaded X.509 cert 'Canonical Ltd. Live Patch Signing: 14df34d1a87cf37625abec039ef2bf521249b969'
[    4.325821] Loaded X.509 cert 'Canonical Ltd. Kernel Module Signing: 88f752e560a1e0737e31163a466ad7b70a850c19'
[    4.348274] blacklist: Loading compiled-in revocation X.509 certificates
[    4.363132] Loaded X.509 cert 'Canonical Ltd. Secure Boot Signing: 61482aa2830d0ab2ad5af10b7250da9033ddcef0'
[    4.385390] zswap: loaded using pool lzo/zbud
[    4.415663] Key type big_key registered
[    4.424864] Key type trusted registered
[    4.441587] Key type encrypted registered
[    4.452902] AppArmor: AppArmor sha1 policy hashing enabled
[    4.467030] ima: No TPM chip found, activating TPM-bypass! (rc=-19)
[    4.483910] ima: Allocated hash algorithm: sha1
[    4.495744] evm: HMAC attrs: 0x1
[    4.506933]   Magic number: 11:787:135
[    4.518915] rtc_cmos rtc_cmos: setting system clock to 2023-02-14 16:07:43 UTC (1676390863)
[    4.539902] BIOS EDD facility v0.16 2004-Jun-25, 0 devices found
[    4.555526] EDD information not available.
[    4.574055] Freeing unused kernel image memory: 2472K
[    4.604829] Write protecting the kernel read-only data: 20480k
[    4.623176] Freeing unused kernel image memory: 2008K
[    4.639135] Freeing unused kernel image memory: 1824K
[    4.662366] x86/mm: Checked W+X mappings: passed, no W+X pages found.
Loading, please wait...
starting version 237
[    4.856171] Fusion MPT base driver 3.04.20
[    4.867611] Copyright (c) 1999-2008 LSI Corporation
[    4.885001] e1000: Intel(R) PRO/1000 Network Driver - version 7.3.21-k8-NAPI
[    4.901152] e1000: Copyright (c) 1999-2006 Intel Corporation.
[    4.986447] Fusion MPT SPI Host driver 3.04.20
[    5.234095] input: ImExPS/2 Generic Explorer Mouse as /devices/platform/i8042/serio1/input/input4
[    6.160466] e1000 0000:00:03.0 eth0: (PCI:33MHz:32-bit) 02:47:43:72:71:6b
[    6.176785] e1000 0000:00:03.0 eth0: Intel(R) PRO/1000 Network Connection
[    7.854588] e1000 0000:00:08.0 eth1: (PCI:33MHz:32-bit) 08:00:27:bf:27:0b
[    7.871382] e1000 0000:00:08.0 eth1: Intel(R) PRO/1000 Network Connection
[    7.895087] e1000 0000:00:03.0 enp0s3: renamed from eth0
[    7.904512] mptbase: ioc0: Initiating bringup
[    7.929577] e1000 0000:00:08.0 enp0s8: renamed from eth1
[    9.126082] ioc0: LSI53C1030 A0: Capabilities={Initiator}
[    9.426271] scsi host2: ioc0: LSI53C1030 A0, FwRev=00000000h, Ports=1, MaxQ=256, IRQ=20
[    9.623152] scsi 2:0:0:0: Direct-Access     VBOX     HARDDISK         1.0  PQ: 0 ANSI: 5
[    9.676653] scsi target2:0:0: Beginning Domain Validation
[    9.707944] scsi target2:0:0: Domain Validation skipping write tests
[    9.725299] scsi target2:0:0: Ending Domain Validation
[    9.740367] scsi target2:0:0: asynchronous
[    9.756912] scsi 2:0:1:0: Direct-Access     VBOX     HARDDISK         1.0  PQ: 0 ANSI: 5
[    9.812324] scsi target2:0:1: Beginning Domain Validation
[    9.841498] scsi target2:0:1: Domain Validation skipping write tests
[    9.857786] scsi target2:0:1: Ending Domain Validation
[    9.873837] scsi target2:0:1: asynchronous
[    9.920774] sd 2:0:0:0: Attached scsi generic sg0 type 0
[    9.938801] sd 2:0:0:0: [sda] 83886080 512-byte logical blocks: (42.9 GB/40.0 GiB)
[    9.940093] sd 2:0:1:0: Attached scsi generic sg1 type 0
[    9.984525] sd 2:0:0:0: [sda] Write Protect is off
[    9.986255] sd 2:0:1:0: [sdb] 20480 512-byte logical blocks: (10.5 MB/10.0 MiB)
[   10.021093] sd 2:0:1:0: [sdb] Write Protect is off
[   10.040075] sd 2:0:0:0: [sda] Incomplete mode parameter data
[   10.041578] sd 2:0:1:0: [sdb] Incomplete mode parameter data
[   10.055456] sd 2:0:0:0: [sda] Assuming drive cache: write through
[   10.090660] sd 2:0:1:0: [sdb] Assuming drive cache: write through
[   10.155670]  sda: sda1
[   10.167723] sd 2:0:0:0: [sda] Attached SCSI disk
[   10.190627] sd 2:0:1:0: [sdb] Attached SCSI disk
Begin: Loading essential drivers ... [   15.073510] raid6: sse2x1   gen() 102410 MB/s
[   17.068495] raid6: sse2x1   xor() 77682 MB/s
[   19.076329] raid6: sse2x2   gen() 156290 MB/s
[   19.142893] raid6: sse2x2   xor()  6189 MB/s
[   19.217714] raid6: sse2x4   gen()  8502 MB/s
[   19.281377] raid6: sse2x4   xor()  3116 MB/s
[   19.293530] raid6: using algorithm sse2x2 gen() 156290 MB/s
[   19.309967] raid6: .... xor() 6189 MB/s, rmw enabled
[   19.323021] raid6: using ssse3x2 recovery algorithm
[   19.341253] xor: measuring software checksum speed
[   19.392287]    prefetch64-sse:  9809.000 MB/sec
[   19.441038]    generic_sse:  8745.000 MB/sec
[   19.452507] xor: using function: prefetch64-sse (9809.000 MB/sec)
[   19.471200] async_tx: api initialized (async)
done.
Begin: Running /scripts/init-premount ... done.
Begin: Mounting root file system ... Begin: Running /scripts/local-top ... done.
Begin: Running /scripts/local-premount ... [   19.604834] Btrfs loaded, crc32c=crc32c-intel
Scanning for Btrfs filesystems
done.
Warning: fsck not present, so skipping root file system
[   19.875406] EXT4-fs (sda1): mounted filesystem with ordered data mode. Opts: (null)
done.
Begin: Running /scripts/local-bottom ... done.
Begin: Running /scripts/init-bottom ... done.
[   21.401538] ip_tables: (C) 2000-2006 Netfilter Core Team
[   21.572871] systemd[1]: systemd 237 running in system mode. (+PAM +AUDIT +SELINUX +IMA +APPARMOR +SMACK +SYSVINIT +UTMP +LIBCRYPTSETUP +GCRYPT +GNUTLS +ACL +XZ +LZ4 +SECCOMP +BLKID +ELFUTILS +KMOD -IDN2 +IDN -PCRE2 default-hierarchy=hybrid)
[   21.620738] systemd[1]: Detected virtualization oracle.
[   21.633190] systemd[1]: Detected architecture x86-64.

Welcome to [1mUbuntu 18.04.6 LTS[0m!

[   21.769048] systemd[1]: Set hostname to <ubuntu>.
[   21.834415] random: systemd: uninitialized urandom read (16 bytes read)
[   21.851332] systemd[1]: Initializing machine ID from random generator.
[   21.868983] systemd[1]: Installed transient /etc/machine-id file.
[   22.731357] random: crng init done
[   24.770474] systemd[1]: Created slice System Slice.
[[0;32m  OK  [0m] Created slice System Slice.
[   24.792699] systemd[1]: Reached target User and Group Name Lookups.
[[0;32m  OK  [0m] Reached target User and Group Name Lookups.
[   24.820025] systemd[1]: Listening on Device-mapper event daemon FIFOs.
[[0;32m  OK  [0m] Listening on Device-mapper event daemon FIFOs.
[   24.849818] systemd[1]: Started Forward Password Requests to Wall Directory Watch.
[[0;32m  OK  [0m] Started Forward Password Requests to Wall Directory Watch.
[[0;32m  OK  [0m] Listening on Network Service Netlink Socket.
[[0;32m  OK  [0m] Listening on Journal Socket.
         Mounting POSIX Message Queue File System...
         Mounting Kernel Debug File System...
         Starting Set the console keyboard layout...
[[0;32m  OK  [0m] Listening on Syslog Socket.
         Starting Load Kernel Modules...
[[0;32m  OK  [0m] Created slice User and Session Slice.
[[0;32m  OK  [0m] Reached target Slices.
[[0;32m  OK  [0m] Listening on Journal Audit Socket.
[[0;32m  OK  [0m] Reached target System Time Synchronized.
[[0;32m  OK  [0m] Reached target Mounting snaps.
[[0;32m  OK  [0m] Reached target Mounted snaps.
         Starting Create list of required st…ce nodes for the current kernel...
[[0;32m  OK  [0m] Reached target Swap.
[[0;32m  OK  [0m] Listening on fsck to fsckd communication Socket.
         Starting File System Check on Root Device...
[   25.126524] Loading iSCSI transport class v2.0-870.
[[0;32m  OK  [0m] Listening on Journal Socket (/dev/log).
         Starting Journal Service...
[[0;32m  OK  [0m] Listening on LVM2 metadata daemon socket.
         Starting Monitoring of LVM2 mirrors…ng dmeventd or progress polling...
         Mounting Huge Pages File System...
[[0;32m  OK  [0m] Listening on udev Kernel Socket.
         Starting Uncomplicated firewall...
[[0;32m  OK  [0m] Listening on LVM2 poll daemon socket.
[[0;32m  OK  [0m] Set up automount Arbitrary Executab…rmats File System Automount Point.
[[0;32m  OK  [0m] Listening on udev Control Socket.
         Starting udev Coldplug all Devices...
[   25.352303] iscsi: registered transport (tcp)
[[0;32m  OK  [0m] Created slice system-serial\x2dgetty.slice.
[[0;32m  OK  [0m] Listening on /dev/initctl Compatibility Named Pipe.
[[0;32m  OK  [0m] Started Journal Service.
[[0;32m  OK  [0m] Mounted POSIX Message Queue File System.
[[0;32m  OK  [0m] Mounted Kernel Debug File System.
[[0;32m  OK  [0m] Started Create list of required sta…vice nodes for the current kernel.
[[0;32m  OK  [0m] Started File System Check on Root Device.
[[0;32m  OK  [0m] Mounted Huge Pages File System.
[[0;32m  OK  [0m] Started File System Check Daemon to report status.
         Starting Remount Root and Kernel File Systems...
         Starting Create Static Device Nodes in /dev...
[[0;32m  OK  [0m] Started Uncomplicated firewall.
[[0;32m  OK  [0m] Started udev Coldplug all Devices.
[[0;32m  OK  [0m] Started LVM2 metadata daemon.
[   26.244152] EXT4-fs (sda1): re-mounted. Opts: (null)
[[0;32m  OK  [0m] Started Remount Root and Kernel File Systems.
         Starting Flush Journal to Persistent Storage...
         Starting Load/Save Random Seed...
[[0;32m  OK  [0m] Started Monitoring of LVM2 mirrors,…sing dmeventd or progress polling.
[   26.514205] systemd-journald[400]: Received request to flush runtime journal from PID 1
[[0;32m  OK  [0m] Started Load/Save Random Seed.
[   26.802478] iscsi: registered transport (iser)
[[0;32m  OK  [0m] Started Load Kernel Modules.
         Mounting Kernel Configuration File System...
         Mounting FUSE Control File System...
         Starting Apply Kernel Variables...
[[0;32m  OK  [0m] Started Create Static Device Nodes in /dev.
[[0;32m  OK  [0m] Started Flush Journal to Persistent Storage.
[[0;32m  OK  [0m] Mounted Kernel Configuration File System.
[[0;32m  OK  [0m] Mounted FUSE Control File System.
         Starting udev Kernel Device Manager...
[[0;32m  OK  [0m] Started Apply Kernel Variables.
[[0;32m  OK  [0m] Started udev Kernel Device Manager.
[[0;32m  OK  [0m] Found device /dev/ttyS0.
[[0;32m  OK  [0m] Listening on Load/Save RF Kill Switch Status /dev/rfkill Watch.
[[0;32m  OK  [0m] Started Set the console keyboard layout.
[[0;32m  OK  [0m] Reached target Local File Systems (Pre).
[[0;32m  OK  [0m] Reached target Local File Systems.
         Starting Create Volatile Files and Directories...
         Starting Set console font and keymap...
         Starting AppArmor initialization...
         Starting Tell Plymouth To Write Out Runtime Data...
         Starting Commit a transient machine-id on disk...
         Starting ebtables ruleset management...
[[0;32m  OK  [0m] Started Dispatch Password Requests to Console Directory Watch.
[[0;32m  OK  [0m] Reached target Local Encrypted Volumes.
[[0;32m  OK  [0m] Started Tell Plymouth To Write Out Runtime Data.
[[0;32m  OK  [0m] Started Create Volatile Files and Directories.
         Starting Update UTMP about System Boot/Shutdown...
[[0;32m  OK  [0m] Started Commit a transient machine-id on disk.
[[0;32m  OK  [0m] Started Update UTMP about System Boot/Shutdown.
[[0;32m  OK  [0m] Started ebtables ruleset management.
         Mounting Arbitrary Executable File Formats File System...
[[0;32m  OK  [0m] Mounted Arbitrary Executable File Formats File System.
[[0;32m  OK  [0m] Started Set console font and keymap.
[[0;32m  OK  [0m] Started AppArmor initialization.
         Starting Load AppArmor profiles managed internally by snapd...
         Starting Initial cloud-init job (pre-networking)...
[[0;32m  OK  [0m] Started Load AppArmor profiles managed internally by snapd.
[   47.785126] cloud-init[783]: Cloud-init v. 22.4.2-0ubuntu0~18.04.1 running 'init-local' at Tue, 14 Feb 2023 16:08:25 +0000. Up 46.34 seconds.
[[0;32m  OK  [0m] Started Initial cloud-init job (pre-networking).
[[0;32m  OK  [0m] Reached target Network (Pre).
         Starting Network Service...
[[0;32m  OK  [0m] Started Network Service.
         Starting Network Name Resolution...
         Starting Wait for Network to be Configured...
[[0;32m  OK  [0m] Started Network Name Resolution.
[[0;32m  OK  [0m] Reached target Host and Network Name Lookups.
[[0;32m  OK  [0m] Reached target Network.
[[0;32m  OK  [0m] Started Wait for Network to be Configured.
         Starting Initial cloud-init job (metadata service crawler)...
[   51.574862] cloud-init[911]: Cloud-init v. 22.4.2-0ubuntu0~18.04.1 running 'init' at Tue, 14 Feb 2023 16:08:30 +0000. Up 51.17 seconds.
[   51.586274] cloud-init[911]: ci-info: ++++++++++++++++++++++++++++++++++++++Net device info+++++++++++++++++++++++++++++++++++++++
[   51.595789] cloud-init[911]: ci-info: +--------+-------+----------------------------+---------------+--------+-------------------+
[   51.606394] cloud-init[911]: ci-info: | Device |   Up  |          Address           |      Mask     | Scope  |     Hw-Address    |
[   51.618327] cloud-init[911]: ci-info: +--------+-------+----------------------------+---------------+--------+-------------------+
[   51.629548] cloud-init[911]: ci-info: | enp0s3 |  True |         10.0.2.15          | 255.255.255.0 | global | 02:47:43:72:71:6b |
[   51.642970] cloud-init[911]: ci-info: | enp0s3 |  True | fe80::47:43ff:fe72:716b/64 |       .       |  link  | 02:47:43:72:71:6b |
[   51.653727] cloud-init[911]: ci-info: | enp0s8 | False |             .              |       .       |   .    | 08:00:27:bf:27:0b |
[   51.664042] cloud-init[911]: ci-info: |   lo   |  True |         127.0.0.1          |   255.0.0.0   |  host  |         .         |
[   51.674323] cloud-init[911]: ci-info: |   lo   |  True |          ::1/128           |       .       |  host  |         .         |
[   51.685286] cloud-init[911]: ci-info: +--------+-------+----------------------------+---------------+--------+-------------------+
[   51.695700] cloud-init[911]: ci-info: ++++++++++++++++++++++++++++Route IPv4 info+++++++++++++++++++++++++++++
[   51.705231] cloud-init[911]: ci-info: +-------+-------------+----------+-----------------+-----------+-------+
[   51.714659] cloud-init[911]: ci-info: | Route | Destination | Gateway  |     Genmask     | Interface | Flags |
[   51.730869] cloud-init[911]: ci-info: +-------+-------------+----------+-----------------+-----------+-------+
[   51.746428] cloud-init[911]: ci-info: |   0   |   0.0.0.0   | 10.0.2.2 |     0.0.0.0     |   enp0s3  |   UG  |
[   51.763150] cloud-init[911]: ci-info: |   1   |   10.0.2.0  | 0.0.0.0  |  255.255.255.0  |   enp0s3  |   U   |
[   51.780095] cloud-init[911]: ci-info: |   2   |   10.0.2.2  | 0.0.0.0  | 255.255.255.255 |   enp0s3  |   UH  |
[   51.795551] cloud-init[911]: ci-info: +-------+-------------+----------+-----------------+-----------+-------+
[   51.811195] cloud-init[911]: ci-info: +++++++++++++++++++Route IPv6 info+++++++++++++++++++
[   51.828926] cloud-init[911]: ci-info: +-------+-------------+---------+-----------+-------+
[   51.843635] cloud-init[911]: ci-info: | Route | Destination | Gateway | Interface | Flags |
[   51.859085] cloud-init[911]: ci-info: +-------+-------------+---------+-----------+-------+
[   51.873538] cloud-init[911]: ci-info: |   1   |  fe80::/64  |    ::   |   enp0s3  |   U   |
[   51.888052] cloud-init[911]: ci-info: |   3   |    local    |    ::   |   enp0s3  |   U   |
[   51.903013] cloud-init[911]: ci-info: |   4   |   ff00::/8  |    ::   |   enp0s3  |   U   |
[   51.916849] cloud-init[911]: ci-info: +-------+-------------+---------+-----------+-------+
[   56.173906] cloud-init[911]: Generating public/private rsa key pair.
[   56.190548] cloud-init[911]: Your identification has been saved in /etc/ssh/ssh_host_rsa_key.
[   56.207467] cloud-init[911]: Your public key has been saved in /etc/ssh/ssh_host_rsa_key.pub.
[   56.223336] cloud-init[911]: The key fingerprint is:
[   56.238687] cloud-init[911]: SHA256:y0maeaQ3BIR2TUMjxqJF140cPaDuiUGOvYfZWLJfkvQ root@ubuntu-bionic
[   56.254166] cloud-init[911]: The key's randomart image is:
[   56.266212] cloud-init[911]: +---[RSA 2048]----+[[0;32m  OK  [0m] Started Initial cloud-init job (metadata service crawler).
[[0;32m  OK  [0m] Reached target Network is Online.
[[0;32m  OK  [0m] Reached target Remote File Systems (Pre).
[[0;32m  OK  [0m] Reached target Remote File Systems.
         Starting Availability of block devices...
[[0;32m  OK  [0m] Reached target Cloud-config availability.
[[0;32m  OK  [0m] Reached target System Initialization.
[[0;32m  OK  [0m] Started Daily Cleanup of Temporary Directories.
[[0;32m  OK  [0m] Started ACPI Events Check.
[[0;32m  OK  [0m] Listening on D-Bus System Message Bus Socket.
[[0;32m  OK  [0m] Reached target Paths.
[[0;32m  OK  [0m] Listening on cloud-init hotplug hook socket.
[[0;32m  OK  [0m] Listening on Open-iSCSI iscsid Socket.
[[0;32m  OK  [0m] Listening on UUID daemon activation socket.
[[0;32m  OK  [0m] Started Message of the Day.
[[0;32m  OK  [0m] Started Daily apt download activities.
[[0;32m  OK  [0m] Started Daily apt upgrade and clean activities.
[[0;32m  OK  [0m] Started Ubuntu Advantage Timer for running repeated jobs.
         Starting LXD - unix socket.
[[0;32m  OK  [0m] Listening on ACPID Listen Socket.
         Starting Socket activation for snappy daemon.
[[0;32m  OK  [0m] Started Discard unused blocks once a week.
[[0;32m  OK  [0m] Reached target Timers.
[[0;32m  OK  [0m] Started Availability of block devices.
[[0;32m  OK  [0m] Listening on LXD - unix socket.
[[0;32m  OK  [0m] Listening on Socket activation for snappy daemon.
[[0;32m  OK  [0m] Reached target Sockets.
[[0;32m  OK  [0m] Reached target Basic System.
         Starting LXD - container startup/shutdown...
         Starting LSB: automatic crash report generation...
[[0;32m  OK  [0m] Started Deferred execution scheduler.
         Starting Virtualbox guest utils...

[   56.428621] cloud-init[911]:          Starting Login Service...
         Starting System Logging Service...
         Starting Permit User Sessions...
|   ..o=*B*       |
[   56.450616] cloud-init[911]: |    =+oo=o+      |
[   56.456294] cloud-init[911]: |   +.oo    .     |
[   56.461482] cloud-init[911]: |  .= . .         |
[   56.466660] cloud-init[911]: |  . = + S        |
[   56.472876] cloud-init[911]: |     # & o       |
[   56.477939] cloud-init[911]: |    B % E        |
[   56.482847] cloud-init[911]: |     o = .       |
[   56.488571] cloud-init[911]: |      .          |
[   56.494996] cloud-init[911]: +----[SHA256]-----+
[   56.500498] cloud-init[911]: Generating public/private dsa key pair.
[   56.507798] cloud-init[911]: Your identification has been saved in /etc/ssh/ssh_host_dsa_key.
[   56.516507] cloud-init[911]: Your public key has been saved in /etc/ssh/ssh_host_dsa_key.pub.
[   56.524393] cloud-init[911]: The key fingerprint is:
[   56.534688] cloud-init[911]: SHA256:1i61em97yV9xP9LJnYoX9nCzITdqYzYUV274udeZ9N4 root@ubuntu-bionic
[   56.549362] cloud-init[911]: The key's randomart image is:
[   56.554947] cloud-init[911]: +---[DSA 1024]----+
[   56.560820] cloud-init[911]: |                 |
[   56.566167] cloud-init[911]: |                .|
[   56.572234] cloud-init[911]: |               o.|
[   56.577012] cloud-init[911]: |         .   ...o|
[   56.582187] cloud-init[911]: |        S o   o+o|
[   56.588367] cloud-init[911]: |       . o . *oOO|
[   56.595838] cloud-init[911]: |        . o ooXB#|
[[0;32m  OK  [0m] Started irqbalance daemon.
[   56.608425] cloud-init[911]: |         o. oO**B|
[   56.624658] cloud-init[911]: |        .. +B+ooE|
[   56.629325] cloud-init[911]: +----[SHA256]-----+
[   56.634782] cloud-init[911]: Generating public/private ecdsa key pair.
[   56.641136] cloud-init[911]: Your identification has been saved in /etc/ssh/ssh_host_ecdsa_key.
[   56.649508] cloud-init[911]: Your public key has been saved in /etc/ssh/ssh_host_ecdsa_key.pub.
[   56.658772] cloud-init[911]: The key fingerprint is:
[   56.663972] cloud-init[911]: SHA256:320T58vHT/iPYPNvR4JFXl3aKAw24ahWB+oSkU01/T0 root@ubuntu-bionic
[   56.672680] cloud-init[911]: The key's randomart image is:
[   56.678418] cloud-init[911]: +---[ECDSA 256]---+
[   56.682834] cloud-init[911]: |    .+..+.=.    +|
[   56.688027] cloud-init[911]: |    .... *.+  .+o|
[   56.694179] cloud-init[911]: |    . . o o.o+o..|
[   56.701074] cloud-init[911]: |     o o .  ..E  |
[   56.706034] cloud-init[911]: |    . + S    o...|
[   56.711081] cloud-init[911]: |     o   . ....=.|
[   56.716000] cloud-init[911]: |          . = =+o|
[   56.722026] cloud-init[911]: |           . =.=*|
[   56.727265] cloud-init[911]: |              o=X|
[   56.733159] cloud-init[911]: +----[SHA256]-----+
[   56.738367] cloud-init[911]: Generating public/private ed25519 key pair.
[   56.748852] cloud-init[911]: Your identification has been saved in /etc/ssh/ssh_host_ed25519_key.
         Starting LSB: Record successful boot for GRUB...
[   56.773907] cloud-init[911]: Your public key has been saved in /etc/ssh/ssh_host_ed25519_key.pub.
[   56.787190] cloud-init[911]: The key fingerprint is:
[   56.792777] cloud-init[911]: SHA256:i/Sln/6mA9E1QyYn4DWu5e3xn2LMrfc5lf2FHYCxcfM root@ubuntu-bionic
[   56.801586] cloud-init[911]: The key's randomart image is:
[   56.808698] cloud-init[911]: +--[ED25519 256]--+
[   56.819370] cloud-init[911]: |        ..=+*o   |
[   56.827840] cloud-init[911]: |       . o BB.o  |
         Starting Dispatcher daemon for systemd-networkd...
[   56.849338] [[0;32m  OK  [0m] Started FUSE filesystem for LXC.
         Starting Accounts Service...
cloud-init[911]: [[0;32m  OK  [0m] Started D-Bus System Message Bus.
|        ..oo o.E |
[   56.890220] cloud-init[911]: |        .+..   . |
[   56.902512] cloud-init[911]: |      . S.o o  o+|
[   56.914694] cloud-init[911]: |     . o.+ . o..=|
[   56.925948] cloud-init[911]: |      . +.  + o +|
[   56.938427] cloud-init[911]: |         ....= =+|
[   56.951654] cloud-init[911]: |         .==o.+o=|
[   56.963213] cloud-init[911]: +----[SHA256]-----+
[[0;32m  OK  [0m] Started Login Service.
[[0;32m  OK  [0m] Started Unattended Upgrades Shutdown.
[[0;32m  OK  [0m] Started Regular background program processing daemon.
         Starting Pollinate to seed the pseudo random number generator...
[[0;32m  OK  [0m] Reached target Login Prompts (Pre).
         Starting Snap Daemon...
[[0;32m  OK  [0m] Started System Logging Service.
[[0;32m  OK  [0m] Started Permit User Sessions.
         Starting Authorization Manager...
         Starting Hold until boot process finishes up...
         Starting Terminate Plymouth Boot Screen...
[[0;32m  OK  [0m] Started Hold until boot process finishes up.
         Starting Set console scheme...
[[0;32m  OK  [0m] Started Serial Getty on ttyS0.
[[0;32m  OK  [0m] Started Terminate Plymouth Boot Screen.
[[0;32m  OK  [0m] Started LSB: automatic crash report generation.
[[0;32m  OK  [0m] Started Set console scheme.
[[0;32m  OK  [0m] Created slice system-getty.slice.
[[0;32m  OK  [0m] Started Getty on tty1.
[[0;32m  OK  [0m] Reached target Login Prompts.
[[0;32m  OK  [0m] Started LSB: Record successful boot for GRUB.
[[0;32m  OK  [0m] Started Authorization Manager.
[[0;32m  OK  [0m] Started Accounts Service.
[[0;32m  OK  [0m] Started Dispatcher daemon for systemd-networkd.
[[0;32m  OK  [0m] Started Virtualbox guest utils.

Ubuntu 18.04.6 LTS ubuntu-bionic ttyS0

ubuntu-bionic login: [   79.307427] cloud-init[1562]: Cloud-init v. 22.4.2-0ubuntu0~18.04.1 running 'modules:config' at Tue, 14 Feb 2023 16:08:52 +0000. Up 73.10 seconds.
ci-info: no authorized SSH keys fingerprints found for user ubuntu.
<14>Feb 14 16:09:00 cloud-init: #############################################################
<14>Feb 14 16:09:00 cloud-init: -----BEGIN SSH HOST KEY FINGERPRINTS-----
<14>Feb 14 16:09:00 cloud-init: 1024 SHA256:1i61em97yV9xP9LJnYoX9nCzITdqYzYUV274udeZ9N4 root@ubuntu-bionic (DSA)
<14>Feb 14 16:09:00 cloud-init: 256 SHA256:320T58vHT/iPYPNvR4JFXl3aKAw24ahWB+oSkU01/T0 root@ubuntu-bionic (ECDSA)
<14>Feb 14 16:09:00 cloud-init: 256 SHA256:i/Sln/6mA9E1QyYn4DWu5e3xn2LMrfc5lf2FHYCxcfM root@ubuntu-bionic (ED25519)
<14>Feb 14 16:09:00 cloud-init: 2048 SHA256:y0maeaQ3BIR2TUMjxqJF140cPaDuiUGOvYfZWLJfkvQ root@ubuntu-bionic (RSA)
<14>Feb 14 16:09:00 cloud-init: -----END SSH HOST KEY FINGERPRINTS-----
<14>Feb 14 16:09:00 cloud-init: #############################################################
-----BEGIN SSH HOST KEY KEYS-----
ecdsa-sha2-nistp256 AAAAE2VjZHNhLXNoYTItbmlzdHAyNTYAAAAIbmlzdHAyNTYAAABBBClCndF2HGi0r8Ha9GmB/hpLun47n8/9/8iJNa5kbAX09fhS7Bn26wuInGkqwFtgBoSqCSfOek2Qq5CoARqWba4= root@ubuntu-bionic
ssh-ed25519 AAAAC3NzaC1lZDI1NTE5AAAAIDtEM+Kynv5kkDfWuWsMr2M20ItXWRzHtWeFdckUDQz8 root@ubuntu-bionic
ssh-rsa AAAAB3NzaC1yc2EAAAADAQABAAABAQC4sZvVvAexohTrdBRr6fLabUBNltmji250/N9IQ6513GzNSbx6jVrxEmLfMxyg3yX96fAG83yqJI4ssIXVWk0RDBHfEINLWM5LdnazhC9pW24xHZqzOiY+rzvylGkBqRAq5+fxS8EA6xhvXzzf6+3YRhQX4gsOsyFbfhJLy+4AXrsoT+2T7W5f+9zhKQk+ZVtEnSJ5Knlp8ooBNTahk8xJCxbLR8kQb3MR0jfzVtnuM2pzYv5zXpoAXjlh93iJeqmQJsch+c4S1sUAoW2Hz2R0/dG80IxJFnc7IL4v2+Wjgg5lgF4Dfytrnf1xalCLhD0NMoTLqrsHXyMtpxnbyWMR root@ubuntu-bionic
-----END SSH HOST KEY KEYS-----
[   81.372498] cloud-init[1833]: Cloud-init v. 22.4.2-0ubuntu0~18.04.1 running 'modules:final' at Tue, 14 Feb 2023 16:08:59 +0000. Up 80.79 seconds.
[   81.372710] cloud-init[1833]: Cloud-init v. 22.4.2-0ubuntu0~18.04.1 finished at Tue, 14 Feb 2023 16:09:00 +0000. Datasource DataSourceNoCloud [seed=/dev/sdb][dsmode=net].  Up 81.25 seconds
